This is pdfTeX, Version 3.141592653-2.6-1.40.26 (TeX Live 2024) (preloaded format=pdflatex 2024.9.27)  15 APR 2025 19:00
entering extended mode
 restricted \write18 enabled.
 file:line:error style messages enabled.
 %&-line parsing enabled.
**c:/Users/jorge/OneDrive/Pygrams/TFG_Script/Latex/main
(c:/Users/jorge/OneDrive/Pygrams/TFG_Script/Latex/main.tex
LaTeX2e <2024-06-01> patch level 2
L3 programming layer <2024-09-10>
(c:/Users/jorge/texlive/2024/texmf-dist/tex/latex/base/article.cls
Document Class: article 2024/02/08 v1.4n Standard LaTeX document class
(c:/Users/jorge/texlive/2024/texmf-dist/tex/latex/base/size11.clo
File: size11.clo 2024/02/08 v1.4n Standard LaTeX file (size option)
)
\c@part=\count194
\c@section=\count195
\c@subsection=\count196
\c@subsubsection=\count197
\c@paragraph=\count198
\c@subparagraph=\count199
\c@figure=\count266
\c@table=\count267
\abovecaptionskip=\skip49
\belowcaptionskip=\skip50
\bibindent=\dimen141
) (./packages.tex (c:/Users/jorge/texlive/2024/texmf-dist/tex/latex/base/inputenc.sty
Package: inputenc 2024/02/08 v1.3d Input encoding file
\inpenc@prehook=\toks17
\inpenc@posthook=\toks18
) (c:/Users/jorge/texlive/2024/texmf-dist/tex/latex/geometry/geometry.sty
Package: geometry 2020/01/02 v5.9 Page Geometry
 (c:/Users/jorge/texlive/2024/texmf-dist/tex/latex/graphics/keyval.sty
Package: keyval 2022/05/29 v1.15 key=value parser (DPC)
\KV@toks@=\toks19
) (c:/Users/jorge/texlive/2024/texmf-dist/tex/generic/iftex/ifvtex.sty
Package: ifvtex 2019/10/25 v1.7 ifvtex legacy package. Use iftex instead.
 (c:/Users/jorge/texlive/2024/texmf-dist/tex/generic/iftex/iftex.sty
Package: iftex 2022/02/03 v1.0f TeX engine tests
))
\Gm@cnth=\count268
\Gm@cntv=\count269
\c@Gm@tempcnt=\count270
\Gm@bindingoffset=\dimen142
\Gm@wd@mp=\dimen143
\Gm@odd@mp=\dimen144
\Gm@even@mp=\dimen145
\Gm@layoutwidth=\dimen146
\Gm@layoutheight=\dimen147
\Gm@layouthoffset=\dimen148
\Gm@layoutvoffset=\dimen149
\Gm@dimlist=\toks20
) (c:/Users/jorge/texlive/2024/texmf-dist/tex/latex/setspace/setspace.sty
Package: setspace 2022/12/04 v6.7b set line spacing
) (c:/Users/jorge/texlive/2024/texmf-dist/tex/latex/amsmath/amsmath.sty
Package: amsmath 2024/05/23 v2.17q AMS math features
\@mathmargin=\skip51

For additional information on amsmath, use the `?' option.
(c:/Users/jorge/texlive/2024/texmf-dist/tex/latex/amsmath/amstext.sty
Package: amstext 2021/08/26 v2.01 AMS text
 (c:/Users/jorge/texlive/2024/texmf-dist/tex/latex/amsmath/amsgen.sty
File: amsgen.sty 1999/11/30 v2.0 generic functions
\@emptytoks=\toks21
\ex@=\dimen150
)) (c:/Users/jorge/texlive/2024/texmf-dist/tex/latex/amsmath/amsbsy.sty
Package: amsbsy 1999/11/29 v1.2d Bold Symbols
\pmbraise@=\dimen151
) (c:/Users/jorge/texlive/2024/texmf-dist/tex/latex/amsmath/amsopn.sty
Package: amsopn 2022/04/08 v2.04 operator names
)
\inf@bad=\count271
LaTeX Info: Redefining \frac on input line 233.
\uproot@=\count272
\leftroot@=\count273
LaTeX Info: Redefining \overline on input line 398.
LaTeX Info: Redefining \colon on input line 409.
\classnum@=\count274
\DOTSCASE@=\count275
LaTeX Info: Redefining \ldots on input line 495.
LaTeX Info: Redefining \dots on input line 498.
LaTeX Info: Redefining \cdots on input line 619.
\Mathstrutbox@=\box52
\strutbox@=\box53
LaTeX Info: Redefining \big on input line 721.
LaTeX Info: Redefining \Big on input line 722.
LaTeX Info: Redefining \bigg on input line 723.
LaTeX Info: Redefining \Bigg on input line 724.
\big@size=\dimen152
LaTeX Font Info:    Redeclaring font encoding OML on input line 742.
LaTeX Font Info:    Redeclaring font encoding OMS on input line 743.
\macc@depth=\count276
LaTeX Info: Redefining \bmod on input line 904.
LaTeX Info: Redefining \pmod on input line 909.
LaTeX Info: Redefining \smash on input line 939.
LaTeX Info: Redefining \relbar on input line 969.
LaTeX Info: Redefining \Relbar on input line 970.
\c@MaxMatrixCols=\count277
\dotsspace@=\muskip17
\c@parentequation=\count278
\dspbrk@lvl=\count279
\tag@help=\toks22
\row@=\count280
\column@=\count281
\maxfields@=\count282
\andhelp@=\toks23
\eqnshift@=\dimen153
\alignsep@=\dimen154
\tagshift@=\dimen155
\tagwidth@=\dimen156
\totwidth@=\dimen157
\lineht@=\dimen158
\@envbody=\toks24
\multlinegap=\skip52
\multlinetaggap=\skip53
\mathdisplay@stack=\toks25
LaTeX Info: Redefining \[ on input line 2953.
LaTeX Info: Redefining \] on input line 2954.
) (c:/Users/jorge/texlive/2024/texmf-dist/tex/latex/amsfonts/amssymb.sty
Package: amssymb 2013/01/14 v3.01 AMS font symbols
 (c:/Users/jorge/texlive/2024/texmf-dist/tex/latex/amsfonts/amsfonts.sty
Package: amsfonts 2013/01/14 v3.01 Basic AMSFonts support
\symAMSa=\mathgroup4
\symAMSb=\mathgroup5
LaTeX Font Info:    Redeclaring math symbol \hbar on input line 98.
LaTeX Font Info:    Overwriting math alphabet `\mathfrak' in version `bold'
(Font)                  U/euf/m/n --> U/euf/b/n on input line 106.
)) (c:/Users/jorge/texlive/2024/texmf-dist/tex/latex/graphics/graphicx.sty
Package: graphicx 2021/09/16 v1.2d Enhanced LaTeX Graphics (DPC,SPQR)
 (c:/Users/jorge/texlive/2024/texmf-dist/tex/latex/graphics/graphics.sty
Package: graphics 2024/05/23 v1.4g Standard LaTeX Graphics (DPC,SPQR)
 (c:/Users/jorge/texlive/2024/texmf-dist/tex/latex/graphics/trig.sty
Package: trig 2023/12/02 v1.11 sin cos tan (DPC)
) (c:/Users/jorge/texlive/2024/texmf-dist/tex/latex/graphics-cfg/graphics.cfg
File: graphics.cfg 2016/06/04 v1.11 sample graphics configuration
)
Package graphics Info: Driver file: pdftex.def on input line 106.
 (c:/Users/jorge/texlive/2024/texmf-dist/tex/latex/graphics-def/pdftex.def
File: pdftex.def 2024/04/13 v1.2c Graphics/color driver for pdftex
))
\Gin@req@height=\dimen159
\Gin@req@width=\dimen160
) (c:/Users/jorge/texlive/2024/texmf-dist/tex/latex/booktabs/booktabs.sty
Package: booktabs 2020/01/12 v1.61803398 Publication quality tables
\heavyrulewidth=\dimen161
\lightrulewidth=\dimen162
\cmidrulewidth=\dimen163
\belowrulesep=\dimen164
\belowbottomsep=\dimen165
\aboverulesep=\dimen166
\abovetopsep=\dimen167
\cmidrulesep=\dimen168
\cmidrulekern=\dimen169
\defaultaddspace=\dimen170
\@cmidla=\count283
\@cmidlb=\count284
\@aboverulesep=\dimen171
\@belowrulesep=\dimen172
\@thisruleclass=\count285
\@lastruleclass=\count286
\@thisrulewidth=\dimen173
) (c:/Users/jorge/texlive/2024/texmf-dist/tex/latex/multirow/multirow.sty
Package: multirow 2021/03/15 v2.8 Span multiple rows of a table
\multirow@colwidth=\skip54
\multirow@cntb=\count287
\multirow@dima=\skip55
\bigstrutjot=\dimen174
) (c:/Users/jorge/texlive/2024/texmf-dist/tex/latex/tools/longtable.sty
Package: longtable 2024-04-26 v4.20 Multi-page Table package (DPC)
\LTleft=\skip56
\LTright=\skip57
\LTpre=\skip58
\LTpost=\skip59
\LTchunksize=\count288
\LTcapwidth=\dimen175
\LT@head=\box54
\LT@firsthead=\box55
\LT@foot=\box56
\LT@lastfoot=\box57
\LT@gbox=\box58
\LT@cols=\count289
\LT@rows=\count290
\c@LT@tables=\count291
\c@LT@chunks=\count292
\LT@p@ftn=\toks26
) (c:/Users/jorge/texlive/2024/texmf-dist/tex/latex/float/float.sty
Package: float 2001/11/08 v1.3d Float enhancements (AL)
\c@float@type=\count293
\float@exts=\toks27
\float@box=\box59
\@float@everytoks=\toks28
\@floatcapt=\box60
)
\@float@every@table=\toks29
 (c:/Users/jorge/texlive/2024/texmf-dist/tex/latex/tools/array.sty
Package: array 2024/06/14 v2.6d Tabular extension package (FMi)
\col@sep=\dimen176
\ar@mcellbox=\box61
\extrarowheight=\dimen177
\NC@list=\toks30
\extratabsurround=\skip60
\backup@length=\skip61
\ar@cellbox=\box62
) (c:/Users/jorge/texlive/2024/texmf-dist/tex/latex/siunitx/siunitx.sty
Package: siunitx 2024-08-20 v3.3.21 A comprehensive (SI) units package
\l__siunitx_number_uncert_offset_int=\count294
\l__siunitx_number_exponent_fixed_int=\count295
\l__siunitx_number_min_decimal_int=\count296
\l__siunitx_number_min_integer_int=\count297
\l__siunitx_number_round_precision_int=\count298
\l__siunitx_number_lower_threshold_int=\count299
\l__siunitx_number_upper_threshold_int=\count300
\l__siunitx_number_group_first_int=\count301
\l__siunitx_number_group_size_int=\count302
\l__siunitx_number_group_minimum_int=\count303
\l__siunitx_angle_tmp_dim=\dimen178
\l__siunitx_angle_marker_box=\box63
\l__siunitx_angle_unit_box=\box64
\l__siunitx_compound_count_int=\count304
 (c:/Users/jorge/texlive/2024/texmf-dist/tex/latex/translations/translations.sty
Package: translations 2022/02/05 v1.12 internationalization of LaTeX2e packages (CN)
 (c:/Users/jorge/texlive/2024/texmf-dist/tex/latex/etoolbox/etoolbox.sty
Package: etoolbox 2020/10/05 v2.5k e-TeX tools for LaTeX (JAW)
\etb@tempcnta=\count305
) (c:/Users/jorge/texlive/2024/texmf-dist/tex/generic/pdftexcmds/pdftexcmds.sty
Package: pdftexcmds 2020-06-27 v0.33 Utility functions of pdfTeX for LuaTeX (HO)
 (c:/Users/jorge/texlive/2024/texmf-dist/tex/generic/infwarerr/infwarerr.sty
Package: infwarerr 2019/12/03 v1.5 Providing info/warning/error messages (HO)
) (c:/Users/jorge/texlive/2024/texmf-dist/tex/generic/ltxcmds/ltxcmds.sty
Package: ltxcmds 2023-12-04 v1.26 LaTeX kernel commands for general use (HO)
)
Package pdftexcmds Info: \pdf@primitive is available.
Package pdftexcmds Info: \pdf@ifprimitive is available.
Package pdftexcmds Info: \pdfdraftmode found.
))
\l__siunitx_table_tmp_box=\box65
\l__siunitx_table_tmp_dim=\dimen179
\l__siunitx_table_column_width_dim=\dimen180
\l__siunitx_table_integer_box=\box66
\l__siunitx_table_decimal_box=\box67
\l__siunitx_table_uncert_box=\box68
\l__siunitx_table_before_box=\box69
\l__siunitx_table_after_box=\box70
\l__siunitx_table_before_dim=\dimen181
\l__siunitx_table_carry_dim=\dimen182
\l__siunitx_unit_tmp_int=\count306
\l__siunitx_unit_position_int=\count307
\l__siunitx_unit_total_int=\count308
)

Package siunitx Info: Option "separate-uncertainty" has been deprecated in
(siunitx)             this release.
(siunitx)             
(siunitx)             Use "uncertainty-mode = separate" as a replacement.

 (c:/Users/jorge/texlive/2024/texmf-dist/tex/latex/bookmark/bookmark.sty
Package: bookmark 2023-12-10 v1.31 PDF bookmarks (HO)
 (c:/Users/jorge/texlive/2024/texmf-dist/tex/latex/hyperref/hyperref.sty
Package: hyperref 2024-07-10 v7.01j Hypertext links for LaTeX
 (c:/Users/jorge/texlive/2024/texmf-dist/tex/latex/kvsetkeys/kvsetkeys.sty
Package: kvsetkeys 2022-10-05 v1.19 Key value parser (HO)
) (c:/Users/jorge/texlive/2024/texmf-dist/tex/generic/kvdefinekeys/kvdefinekeys.sty
Package: kvdefinekeys 2019-12-19 v1.6 Define keys (HO)
) (c:/Users/jorge/texlive/2024/texmf-dist/tex/generic/pdfescape/pdfescape.sty
Package: pdfescape 2019/12/09 v1.15 Implements pdfTeX's escape features (HO)
) (c:/Users/jorge/texlive/2024/texmf-dist/tex/latex/hycolor/hycolor.sty
Package: hycolor 2020-01-27 v1.10 Color options for hyperref/bookmark (HO)
) (c:/Users/jorge/texlive/2024/texmf-dist/tex/latex/hyperref/nameref.sty
Package: nameref 2023-11-26 v2.56 Cross-referencing by name of section
 (c:/Users/jorge/texlive/2024/texmf-dist/tex/latex/refcount/refcount.sty
Package: refcount 2019/12/15 v3.6 Data extraction from label references (HO)
) (c:/Users/jorge/texlive/2024/texmf-dist/tex/generic/gettitlestring/gettitlestring.sty
Package: gettitlestring 2019/12/15 v1.6 Cleanup title references (HO)
 (c:/Users/jorge/texlive/2024/texmf-dist/tex/latex/kvoptions/kvoptions.sty
Package: kvoptions 2022-06-15 v3.15 Key value format for package options (HO)
))
\c@section@level=\count309
) (c:/Users/jorge/texlive/2024/texmf-dist/tex/generic/stringenc/stringenc.sty
Package: stringenc 2019/11/29 v1.12 Convert strings between diff. encodings (HO)
)
\@linkdim=\dimen183
\Hy@linkcounter=\count310
\Hy@pagecounter=\count311
 (c:/Users/jorge/texlive/2024/texmf-dist/tex/latex/hyperref/pd1enc.def
File: pd1enc.def 2024-07-10 v7.01j Hyperref: PDFDocEncoding definition (HO)
Now handling font encoding PD1 ...
... no UTF-8 mapping file for font encoding PD1
) (c:/Users/jorge/texlive/2024/texmf-dist/tex/generic/intcalc/intcalc.sty
Package: intcalc 2019/12/15 v1.3 Expandable calculations with integers (HO)
)
\Hy@SavedSpaceFactor=\count312
 (c:/Users/jorge/texlive/2024/texmf-dist/tex/latex/hyperref/puenc.def
File: puenc.def 2024-07-10 v7.01j Hyperref: PDF Unicode definition (HO)
Now handling font encoding PU ...
... no UTF-8 mapping file for font encoding PU
)
Package hyperref Info: Hyper figures OFF on input line 4157.
Package hyperref Info: Link nesting OFF on input line 4162.
Package hyperref Info: Hyper index ON on input line 4165.
Package hyperref Info: Plain pages OFF on input line 4172.
Package hyperref Info: Backreferencing OFF on input line 4177.
Package hyperref Info: Implicit mode ON; LaTeX internals redefined.
Package hyperref Info: Bookmarks ON on input line 4424.
\c@Hy@tempcnt=\count313
 (c:/Users/jorge/texlive/2024/texmf-dist/tex/latex/url/url.sty
\Urlmuskip=\muskip18
Package: url 2013/09/16  ver 3.4  Verb mode for urls, etc.
)
LaTeX Info: Redefining \url on input line 4763.
\XeTeXLinkMargin=\dimen184
 (c:/Users/jorge/texlive/2024/texmf-dist/tex/generic/bitset/bitset.sty
Package: bitset 2019/12/09 v1.3 Handle bit-vector datatype (HO)
 (c:/Users/jorge/texlive/2024/texmf-dist/tex/generic/bigintcalc/bigintcalc.sty
Package: bigintcalc 2019/12/15 v1.5 Expandable calculations on big integers (HO)
))
\Fld@menulength=\count314
\Field@Width=\dimen185
\Fld@charsize=\dimen186
Package hyperref Info: Hyper figures OFF on input line 6042.
Package hyperref Info: Link nesting OFF on input line 6047.
Package hyperref Info: Hyper index ON on input line 6050.
Package hyperref Info: backreferencing OFF on input line 6057.
Package hyperref Info: Link coloring OFF on input line 6062.
Package hyperref Info: Link coloring with OCG OFF on input line 6067.
Package hyperref Info: PDF/A mode OFF on input line 6072.
 (c:/Users/jorge/texlive/2024/texmf-dist/tex/latex/base/atbegshi-ltx.sty
Package: atbegshi-ltx 2021/01/10 v1.0c Emulation of the original atbegshi
package with kernel methods
)
\Hy@abspage=\count315
\c@Item=\count316
\c@Hfootnote=\count317
)
Package hyperref Info: Driver (autodetected): hpdftex.
 (c:/Users/jorge/texlive/2024/texmf-dist/tex/latex/hyperref/hpdftex.def
File: hpdftex.def 2024-07-10 v7.01j Hyperref driver for pdfTeX
 (c:/Users/jorge/texlive/2024/texmf-dist/tex/latex/base/atveryend-ltx.sty
Package: atveryend-ltx 2020/08/19 v1.0a Emulation of the original atveryend package
with kernel methods
)
\Fld@listcount=\count318
\c@bookmark@seq@number=\count319
 (c:/Users/jorge/texlive/2024/texmf-dist/tex/latex/rerunfilecheck/rerunfilecheck.sty
Package: rerunfilecheck 2022-07-10 v1.10 Rerun checks for auxiliary files (HO)
 (c:/Users/jorge/texlive/2024/texmf-dist/tex/generic/uniquecounter/uniquecounter.sty
Package: uniquecounter 2019/12/15 v1.4 Provide unlimited unique counter (HO)
)
Package uniquecounter Info: New unique counter `rerunfilecheck' on input line 285.
)
\Hy@SectionHShift=\skip62
) (c:/Users/jorge/texlive/2024/texmf-dist/tex/latex/bookmark/bkm-pdftex.def
File: bkm-pdftex.def 2023-12-10 v1.31 bookmark driver for pdfTeX and luaTeX (HO)
\BKM@id=\count320
)) (c:/Users/jorge/texlive/2024/texmf-dist/tex/latex/biblatex/biblatex.sty
Package: biblatex 2024/03/21 v3.20 programmable bibliographies (PK/MW)
 (c:/Users/jorge/texlive/2024/texmf-dist/tex/latex/logreq/logreq.sty
Package: logreq 2010/08/04 v1.0 xml request logger
\lrq@indent=\count321
 (c:/Users/jorge/texlive/2024/texmf-dist/tex/latex/logreq/logreq.def
File: logreq.def 2010/08/04 v1.0 logreq spec v1.0
)) (c:/Users/jorge/texlive/2024/texmf-dist/tex/latex/base/ifthen.sty
Package: ifthen 2024/03/16 v1.1e Standard LaTeX ifthen package (DPC)
)
\c@tabx@nest=\count322
\c@listtotal=\count323
\c@listcount=\count324
\c@liststart=\count325
\c@liststop=\count326
\c@citecount=\count327
\c@citetotal=\count328
\c@multicitecount=\count329
\c@multicitetotal=\count330
\c@instcount=\count331
\c@maxnames=\count332
\c@minnames=\count333
\c@maxitems=\count334
\c@minitems=\count335
\c@citecounter=\count336
\c@maxcitecounter=\count337
\c@savedcitecounter=\count338
\c@uniquelist=\count339
\c@uniquename=\count340
\c@refsection=\count341
\c@refsegment=\count342
\c@maxextratitle=\count343
\c@maxextratitleyear=\count344
\c@maxextraname=\count345
\c@maxextradate=\count346
\c@maxextraalpha=\count347
\c@abbrvpenalty=\count348
\c@highnamepenalty=\count349
\c@lownamepenalty=\count350
\c@maxparens=\count351
\c@parenlevel=\count352
\blx@tempcnta=\count353
\blx@tempcntb=\count354
\blx@tempcntc=\count355
\c@blx@maxsection=\count356
\blx@maxsegment@0=\count357
\blx@notetype=\count358
\blx@parenlevel@text=\count359
\blx@parenlevel@foot=\count360
\blx@sectionciteorder@0=\count361
\blx@sectionciteorderinternal@0=\count362
\blx@entrysetcounter=\count363
\blx@biblioinstance=\count364
\labelnumberwidth=\skip63
\labelalphawidth=\skip64
\biblabelsep=\skip65
\bibitemsep=\skip66
\bibnamesep=\skip67
\bibinitsep=\skip68
\bibparsep=\skip69
\bibhang=\skip70
\blx@bcfin=\read2
\blx@bcfout=\write3
\blx@langwohyphens=\language89
\c@mincomprange=\count365
\c@maxcomprange=\count366
\c@mincompwidth=\count367
Package biblatex Info: Trying to load biblatex default data model...
Package biblatex Info: ... file 'blx-dm.def' found.
 (c:/Users/jorge/texlive/2024/texmf-dist/tex/latex/biblatex/blx-dm.def
File: blx-dm.def 2024/03/21 v3.20 biblatex datamodel (PK/MW)
)
Package biblatex Info: Trying to load biblatex custom data model...
Package biblatex Info: ... file 'biblatex-dm.cfg' not found.
\c@afterword=\count368
\c@savedafterword=\count369
\c@annotator=\count370
\c@savedannotator=\count371
\c@author=\count372
\c@savedauthor=\count373
\c@bookauthor=\count374
\c@savedbookauthor=\count375
\c@commentator=\count376
\c@savedcommentator=\count377
\c@editor=\count378
\c@savededitor=\count379
\c@editora=\count380
\c@savededitora=\count381
\c@editorb=\count382
\c@savededitorb=\count383
\c@editorc=\count384
\c@savededitorc=\count385
\c@foreword=\count386
\c@savedforeword=\count387
\c@holder=\count388
\c@savedholder=\count389
\c@introduction=\count390
\c@savedintroduction=\count391
\c@namea=\count392
\c@savednamea=\count393
\c@nameb=\count394
\c@savednameb=\count395
\c@namec=\count396
\c@savednamec=\count397
\c@translator=\count398
\c@savedtranslator=\count399
\c@shortauthor=\count400
\c@savedshortauthor=\count401
\c@shorteditor=\count402
\c@savedshorteditor=\count403
\c@labelname=\count404
\c@savedlabelname=\count405
\c@institution=\count406
\c@savedinstitution=\count407
\c@lista=\count408
\c@savedlista=\count409
\c@listb=\count410
\c@savedlistb=\count411
\c@listc=\count412
\c@savedlistc=\count413
\c@listd=\count414
\c@savedlistd=\count415
\c@liste=\count416
\c@savedliste=\count417
\c@listf=\count418
\c@savedlistf=\count419
\c@location=\count420
\c@savedlocation=\count421
\c@organization=\count422
\c@savedorganization=\count423
\c@origlocation=\count424
\c@savedoriglocation=\count425
\c@origpublisher=\count426
\c@savedorigpublisher=\count427
\c@publisher=\count428
\c@savedpublisher=\count429
\c@language=\count430
\c@savedlanguage=\count431
\c@origlanguage=\count432
\c@savedoriglanguage=\count433
\c@pageref=\count434
\c@savedpageref=\count435
\shorthandwidth=\skip71
\shortjournalwidth=\skip72
\shortserieswidth=\skip73
\shorttitlewidth=\skip74
\shortauthorwidth=\skip75
\shorteditorwidth=\skip76
\locallabelnumberwidth=\skip77
\locallabelalphawidth=\skip78
\localshorthandwidth=\skip79
\localshortjournalwidth=\skip80
\localshortserieswidth=\skip81
\localshorttitlewidth=\skip82
\localshortauthorwidth=\skip83
\localshorteditorwidth=\skip84
Package biblatex Info: Trying to load compatibility code...
Package biblatex Info: ... file 'blx-compat.def' found.
 (c:/Users/jorge/texlive/2024/texmf-dist/tex/latex/biblatex/blx-compat.def
File: blx-compat.def 2024/03/21 v3.20 biblatex compatibility (PK/MW)
)
Package biblatex Info: Trying to load generic definitions...
Package biblatex Info: ... file 'biblatex.def' found.
 (c:/Users/jorge/texlive/2024/texmf-dist/tex/latex/biblatex/biblatex.def
File: biblatex.def 2024/03/21 v3.20 biblatex compatibility (PK/MW)
\c@textcitecount=\count436
\c@textcitetotal=\count437
\c@textcitemaxnames=\count438
\c@biburlbigbreakpenalty=\count439
\c@biburlbreakpenalty=\count440
\c@biburlnumpenalty=\count441
\c@biburlucpenalty=\count442
\c@biburllcpenalty=\count443
\biburlbigskip=\muskip19
\biburlnumskip=\muskip20
\biburlucskip=\muskip21
\biburllcskip=\muskip22
\c@smartand=\count444
)
Package biblatex Info: Trying to load bibliography style 'numeric'...
Package biblatex Info: ... file 'numeric.bbx' found.
 (c:/Users/jorge/texlive/2024/texmf-dist/tex/latex/biblatex/bbx/numeric.bbx
File: numeric.bbx 2024/03/21 v3.20 biblatex bibliography style (PK/MW)
Package biblatex Info: Trying to load bibliography style 'standard'...
Package biblatex Info: ... file 'standard.bbx' found.
 (c:/Users/jorge/texlive/2024/texmf-dist/tex/latex/biblatex/bbx/standard.bbx
File: standard.bbx 2024/03/21 v3.20 biblatex bibliography style (PK/MW)
\c@bbx:relatedcount=\count445
\c@bbx:relatedtotal=\count446
))
Package biblatex Info: Trying to load citation style 'numeric'...
Package biblatex Info: ... file 'numeric.cbx' found.
 (c:/Users/jorge/texlive/2024/texmf-dist/tex/latex/biblatex/cbx/numeric.cbx
File: numeric.cbx 2024/03/21 v3.20 biblatex citation style (PK/MW)
Package biblatex Info: Redefining '\cite'.
Package biblatex Info: Redefining '\parencite'.
Package biblatex Info: Redefining '\footcite'.
Package biblatex Info: Redefining '\footcitetext'.
Package biblatex Info: Redefining '\smartcite'.
Package biblatex Info: Redefining '\supercite'.
Package biblatex Info: Redefining '\textcite'.
Package biblatex Info: Redefining '\textcites'.
Package biblatex Info: Redefining '\cites'.
Package biblatex Info: Redefining '\parencites'.
Package biblatex Info: Redefining '\smartcites'.
)
Package biblatex Info: Trying to load configuration file...
Package biblatex Info: ... file 'biblatex.cfg' found.
 (c:/Users/jorge/texlive/2024/texmf-dist/tex/latex/biblatex/biblatex.cfg
File: biblatex.cfg 
)
Package biblatex Info: Input encoding 'utf8' detected.
Package biblatex Info: Document encoding is UTF8 ....
 (c:/Users/jorge/texlive/2024/texmf-dist/tex/latex/l3kernel/expl3.sty
Package: expl3 2024-09-10 L3 programming layer (loader) 
 (c:/Users/jorge/texlive/2024/texmf-dist/tex/latex/l3backend/l3backend-pdftex.def
File: l3backend-pdftex.def 2024-05-08 L3 backend support: PDF output (pdfTeX)
\l__color_backend_stack_int=\count447
\l__pdf_internal_box=\box71
))
Package biblatex Info: ... and expl3
(biblatex)             2024-09-10 L3 programming layer (loader) 
(biblatex)             is new enough (at least 2020/04/06),
(biblatex)             setting 'casechanger=expl3'.
 (c:/Users/jorge/texlive/2024/texmf-dist/tex/latex/biblatex/blx-case-expl3.sty (c:/Users/jorge/texlive/2024/texmf-dist/tex/latex/l3packages/xparse/xparse.sty
Package: xparse 2024-08-16 L3 Experimental document command parser
)
Package: blx-case-expl3 2024/03/21 v3.20 expl3 case changing code for biblatex
)) (c:/Users/jorge/texlive/2024/texmf-dist/tex/latex/csquotes/csquotes.sty
Package: csquotes 2024-04-04 v5.2o context-sensitive quotations (JAW)
\csq@reset=\count448
\csq@gtype=\count449
\csq@glevel=\count450
\csq@qlevel=\count451
\csq@maxlvl=\count452
\csq@tshold=\count453
\csq@ltx@everypar=\toks31
 (c:/Users/jorge/texlive/2024/texmf-dist/tex/latex/csquotes/csquotes.def
File: csquotes.def 2024-04-04 v5.2o csquotes generic definitions (JAW)
)
Package csquotes Info: Trying to load configuration file 'csquotes.cfg'...
Package csquotes Info: ... configuration file loaded successfully.
 (c:/Users/jorge/texlive/2024/texmf-dist/tex/latex/csquotes/csquotes.cfg
File: csquotes.cfg 
)))
Package translations Info: No language package found. I am going to use `english' as default language. on input line 7.
 (c:/Users/jorge/texlive/2024/texmf-dist/tex/latex/graphics/color.sty
Package: color 2024/01/14 v1.3d Standard LaTeX Color (DPC)
 (c:/Users/jorge/texlive/2024/texmf-dist/tex/latex/graphics-cfg/color.cfg
File: color.cfg 2016/01/02 v1.6 sample color configuration
)
Package color Info: Driver file: pdftex.def on input line 149.
 (c:/Users/jorge/texlive/2024/texmf-dist/tex/latex/graphics/mathcolor.ltx))
Package csquotes Info: Checking for multilingual support...
Package csquotes Info: ... none found.
 (./main.aux)
\openout1 = `main.aux'.

LaTeX Font Info:    Checking defaults for OML/cmm/m/it on input line 7.
LaTeX Font Info:    ... okay on input line 7.
LaTeX Font Info:    Checking defaults for OMS/cmsy/m/n on input line 7.
LaTeX Font Info:    ... okay on input line 7.
LaTeX Font Info:    Checking defaults for OT1/cmr/m/n on input line 7.
LaTeX Font Info:    ... okay on input line 7.
LaTeX Font Info:    Checking defaults for T1/cmr/m/n on input line 7.
LaTeX Font Info:    ... okay on input line 7.
LaTeX Font Info:    Checking defaults for TS1/cmr/m/n on input line 7.
LaTeX Font Info:    ... okay on input line 7.
LaTeX Font Info:    Checking defaults for OMX/cmex/m/n on input line 7.
LaTeX Font Info:    ... okay on input line 7.
LaTeX Font Info:    Checking defaults for U/cmr/m/n on input line 7.
LaTeX Font Info:    ... okay on input line 7.
LaTeX Font Info:    Checking defaults for PD1/pdf/m/n on input line 7.
LaTeX Font Info:    ... okay on input line 7.
LaTeX Font Info:    Checking defaults for PU/pdf/m/n on input line 7.
LaTeX Font Info:    ... okay on input line 7.

*geometry* driver: auto-detecting
*geometry* detected driver: pdftex
*geometry* verbose mode - [ preamble ] result:
* driver: pdftex
* paper: a4paper
* layout: <same size as paper>
* layoutoffset:(h,v)=(0.0pt,0.0pt)
* modes: 
* h-part:(L,W,R)=(71.13188pt, 455.24411pt, 71.13188pt)
* v-part:(T,H,B)=(71.13188pt, 702.78308pt, 71.13188pt)
* \paperwidth=597.50787pt
* \paperheight=845.04684pt
* \textwidth=455.24411pt
* \textheight=702.78308pt
* \oddsidemargin=-1.1381pt
* \evensidemargin=-1.1381pt
* \topmargin=-38.1381pt
* \headheight=12.0pt
* \headsep=25.0pt
* \topskip=11.0pt
* \footskip=30.0pt
* \marginparwidth=50.0pt
* \marginparsep=10.0pt
* \columnsep=10.0pt
* \skip\footins=10.0pt plus 4.0pt minus 2.0pt
* \hoffset=0.0pt
* \voffset=0.0pt
* \mag=1000
* \@twocolumnfalse
* \@twosidefalse
* \@mparswitchfalse
* \@reversemarginfalse
* (1in=72.27pt=25.4mm, 1cm=28.453pt)

(c:/Users/jorge/texlive/2024/texmf-dist/tex/context/base/mkii/supp-pdf.mkii
[Loading MPS to PDF converter (version 2006.09.02).]
\scratchcounter=\count454
\scratchdimen=\dimen187
\scratchbox=\box72
\nofMPsegments=\count455
\nofMParguments=\count456
\everyMPshowfont=\toks32
\MPscratchCnt=\count457
\MPscratchDim=\dimen188
\MPnumerator=\count458
\makeMPintoPDFobject=\count459
\everyMPtoPDFconversion=\toks33
) (c:/Users/jorge/texlive/2024/texmf-dist/tex/latex/epstopdf-pkg/epstopdf-base.sty
Package: epstopdf-base 2020-01-24 v2.11 Base part for package epstopdf
Package epstopdf-base Info: Redefining graphics rule for `.eps' on input line 485.
 (c:/Users/jorge/texlive/2024/texmf-dist/tex/latex/latexconfig/epstopdf-sys.cfg
File: epstopdf-sys.cfg 2010/07/13 v1.3 Configuration of (r)epstopdf for TeX Live
)) (c:/Users/jorge/texlive/2024/texmf-dist/tex/latex/translations/translations-basic-dictionary-english.trsl
File: translations-basic-dictionary-english.trsl (english translation file `translations-basic-dictionary')
)
Package translations Info: loading dictionary `translations-basic-dictionary' for `english'. on input line 7.
Package hyperref Info: Link coloring OFF on input line 7.
Package biblatex Info: Trying to load language 'english'...
Package biblatex Info: ... file 'english.lbx' found.
 (c:/Users/jorge/texlive/2024/texmf-dist/tex/latex/biblatex/lbx/english.lbx
File: english.lbx 2024/03/21 v3.20 biblatex localization (PK/MW)
)
Package biblatex Info: Input encoding 'utf8' detected.
Package biblatex Info: Automatic encoding selection.
(biblatex)             Assuming data encoding 'utf8'.
\openout3 = `main.bcf'.

Package biblatex Info: Trying to load bibliographic data...
Package biblatex Info: ... file 'main.bbl' not found.

No file main.bbl.
Package biblatex Info: Reference section=0 on input line 7.
Package biblatex Info: Reference segment=0 on input line 7.
(./main.toc
LaTeX Font Info:    Trying to load font information for U+msa on input line 3.
 (c:/Users/jorge/texlive/2024/texmf-dist/tex/latex/amsfonts/umsa.fd
File: umsa.fd 2013/01/14 v3.01 AMS symbols A
)
LaTeX Font Info:    Trying to load font information for U+msb on input line 3.
 (c:/Users/jorge/texlive/2024/texmf-dist/tex/latex/amsfonts/umsb.fd
File: umsb.fd 2013/01/14 v3.01 AMS symbols B
))
\tf@toc=\write4
\openout4 = `main.toc'.



[1

{c:/Users/jorge/texlive/2024/texmf-var/fonts/map/pdftex/updmap/pdftex.map}] (./Sections/01.Intro.tex)

[2{c:/Users/jorge/texlive/2024/texmf-dist/fonts/enc/dvips/cm-super/cm-super-ts1.enc}] (./Sections/02.Background.tex) (./Sections/03.Method.tex

[3])

[4] (./Sections/04.Results.tex
<Figures/c_const(x)_Analyt.png, id=81, 1352.1717pt x 450.0012pt>
File: Figures/c_const(x)_Analyt.png Graphic file (type png)
<use Figures/c_const(x)_Analyt.png>
Package pdftex.def Info: Figures/c_const(x)_Analyt.png  used on input line 9.
(pdftex.def)             Requested size: 364.19667pt x 121.19981pt.
<Figures/c_halfstep(x).png, id=83, 1352.1717pt x 450.0012pt>
File: Figures/c_halfstep(x).png Graphic file (type png)
<use Figures/c_halfstep(x).png>
Package pdftex.def Info: Figures/c_halfstep(x).png  used on input line 16.
(pdftex.def)             Requested size: 364.19667pt x 121.19981pt.
<Figures/c_midstep(x).png, id=84, 1352.1717pt x 450.0012pt>
File: Figures/c_midstep(x).png Graphic file (type png)
<use Figures/c_midstep(x).png>
Package pdftex.def Info: Figures/c_midstep(x).png  used on input line 23.
(pdftex.def)             Requested size: 364.19667pt x 121.19981pt.
<Figures/Diff_Dom.png, id=85, 1352.1717pt x 450.0012pt>
File: Figures/Diff_Dom.png Graphic file (type png)
<use Figures/Diff_Dom.png>
Package pdftex.def Info: Figures/Diff_Dom.png  used on input line 32.
(pdftex.def)             Requested size: 364.19667pt x 121.19981pt.
<Figures/Diff~Consump.png, id=86, 1352.1717pt x 450.0012pt>
File: Figures/Diff~Consump.png Graphic file (type png)
<use Figures/Diff~Consump.png>
Package pdftex.def Info: Figures/Diff~Consump.png  used on input line 33.
(pdftex.def)             Requested size: 364.19667pt x 121.19981pt.
<Figures/Consump_Dom.png, id=87, 1352.1717pt x 450.0012pt>
File: Figures/Consump_Dom.png Graphic file (type png)
<use Figures/Consump_Dom.png>
Package pdftex.def Info: Figures/Consump_Dom.png  used on input line 34.
(pdftex.def)             Requested size: 364.19667pt x 121.19981pt.


[5 <./Figures/c_const(x)_Analyt.png> <./Figures/c_halfstep(x).png> <./Figures/c_midstep(x).png>]
<Figures/FluxMap_midstep.png, id=98, 635.976pt x 516.7305pt>
File: Figures/FluxMap_midstep.png Graphic file (type png)
<use Figures/FluxMap_midstep.png>
Package pdftex.def Info: Figures/FluxMap_midstep.png  used on input line 53.
(pdftex.def)             Requested size: 273.14923pt x 221.92958pt.


[6 <./Figures/Diff_Dom.png> <./Figures/Diff~Consump.png> <./Figures/Consump_Dom.png>]
<Figures/FluxMap_exp.png, id=108, 731.3724pt x 414.8298pt>
File: Figures/FluxMap_exp.png Graphic file (type png)
<use Figures/FluxMap_exp.png>
Package pdftex.def Info: Figures/FluxMap_exp.png  used on input line 68.
(pdftex.def)             Requested size: 273.14923pt x 154.93414pt.
) (./Sections/05.Conclusion.tex) (./Sections/A.Coding.tex) (./Sections/B.Math.tex)

[7 <./Figures/FluxMap_midstep.png> <./Figures/FluxMap_exp.png>]

[8] (./main.aux)
 ***********
LaTeX2e <2024-06-01> patch level 2
L3 programming layer <2024-09-10>
 ***********
Package logreq Info: Writing requests to 'main.run.xml'.
\openout1 = `main.run.xml'.

 ) 
Here is how much of TeX's memory you used:
 22472 strings out of 473579
 442000 string characters out of 5726227
 1238754 words of memory out of 5000000
 45079 multiletter control sequences out of 15000+600000
 564922 words of font info for 61 fonts, out of 8000000 for 9000
 1141 hyphenation exceptions out of 8191
 94i,9n,96p,738b,944s stack positions out of 10000i,1000n,20000p,200000b,200000s
<c:/Users/jorge/texlive/2024/texmf-dist/fonts/type1/public/amsfonts/cm/cmbx10.pfb><c:/Users/jorge/texlive/2024/texmf-dist/fonts/type1/public/amsfonts/cm/cmbx12.pfb><c:/Users/jorge/texlive/2024/texmf-dist/fonts/type1/public/amsfonts/cm/cmex10.pfb><c:/Users/jorge/texlive/2024/texmf-dist/fonts/type1/public/amsfonts/cm/cmmi10.pfb><c:/Users/jorge/texlive/2024/texmf-dist/fonts/type1/public/amsfonts/cm/cmmi6.pfb><c:/Users/jorge/texlive/2024/texmf-dist/fonts/type1/public/amsfonts/cm/cmmi8.pfb><c:/Users/jorge/texlive/2024/texmf-dist/fonts/type1/public/amsfonts/cm/cmr10.pfb><c:/Users/jorge/texlive/2024/texmf-dist/fonts/type1/public/amsfonts/cm/cmr6.pfb><c:/Users/jorge/texlive/2024/texmf-dist/fonts/type1/public/amsfonts/cm/cmr8.pfb><c:/Users/jorge/texlive/2024/texmf-dist/fonts/type1/public/amsfonts/cm/cmsy10.pfb><c:/Users/jorge/texlive/2024/texmf-dist/fonts/type1/public/amsfonts/cm/cmsy8.pfb><c:/Users/jorge/texlive/2024/texmf-dist/fonts/type1/public/amsfonts/cm/cmti10.pfb><c:/Users/jorge/texlive/2024/texmf-dist/fonts/type1/public/cm-super/sfrm1095.pfb>
Output written on main.pdf (8 pages, 4261615 bytes).
PDF statistics:
 246 PDF objects out of 1000 (max. 8388607)
 192 compressed objects within 2 object streams
 46 named destinations out of 1000 (max. 500000)
 177 words of extra memory for PDF output out of 10000 (max. 10000000)

